Traceback (most recent call last):
  File "/Users/aaron/code/Olat_Tamid/venv/lib/python3.10/site-packages/jupyter_cache/executors/utils.py", line 58, in single_nb_execution
    executenb(
  File "/Users/aaron/code/Olat_Tamid/venv/lib/python3.10/site-packages/nbclient/client.py", line 1314, in execute
    return NotebookClient(nb=nb, resources=resources, km=km, **kwargs).execute()
  File "/Users/aaron/code/Olat_Tamid/venv/lib/python3.10/site-packages/jupyter_core/utils/__init__.py", line 165, in wrapped
    return loop.run_until_complete(inner)
  File "/Library/Frameworks/Python.framework/Versions/3.10/lib/python3.10/asyncio/base_events.py", line 646, in run_until_complete
    return future.result()
  File "/Users/aaron/code/Olat_Tamid/venv/lib/python3.10/site-packages/nbclient/client.py", line 709, in async_execute
    await self.async_execute_cell(
  File "/Users/aaron/code/Olat_Tamid/venv/lib/python3.10/site-packages/nbclient/client.py", line 1062, in async_execute_cell
    await self._check_raise_for_error(cell, cell_index, exec_reply)
  File "/Users/aaron/code/Olat_Tamid/venv/lib/python3.10/site-packages/nbclient/client.py", line 918, in _check_raise_for_error
    raise CellExecutionError.from_cell_and_msg(cell, exec_reply_content)
nbclient.exceptions.CellExecutionError: An error occurred while executing the following cell:
------------------
# hardcoded right now, but will be edited to be more flexible later

# service = 'shacharit'

# sim = '''
# **ï¬«Ö´×™×**
# ï¬ªÖ¸×œï­‹× ×˜ï­‹×‘Ö¸×” ï¬µ×‘Ö°×¨Ö¸×›Ö¸×” ×—Öµ×Ÿ ×•Ö¸×—Ö¶Ö½×¡Ö¶×“ ×•Ö°×¨Ö·×—Ö²×žÖ´×™× ×¢Ö¸×œÖµÖ½×™× ï¬µ ×•Ö°×¢Ö·×œ ï¬»Ö¸×œ ×™Ö´ï¬«Ö°×¨Ö¸×Öµ×œ ×¢Ö·ï¬¾Ö¶Ö½×šÖ¸: ï¬±Ö¸×¨Ö²×›ÖµÖ½× ï¬µ ×Ö¸×‘Ö´Ö½×™× ï¬µ ï¬»Ö»ï¬¼Ö¸Ö½× ï¬µ ï¬»Ö°×Ö¶×—Ö¸×“ ï¬±Ö°×ï­‹×¨ ï­„Ö¸× Ö¶Ö½×™×šÖ¸ ï¬»Ö´×™ ×‘Ö°×ï­‹×¨ ï­„Ö¸× Ö¶Ö½×™×šÖ¸ × Ö¸×ªÖ·Ö½ï­ŠÖ¸ ×œÖ¸Ö½× ï¬µ ×™Ö°×™Ö¸ ×Ö±×œÖ¹×”ÖµÖ½×™× ï¬µ ï­Šï­‹×¨Ö·×ª ×—Ö·ï¬¹Ö´×™× ×•Ö°×Ö·×”Ö²×‘Ö·×ª ×—Ö¶Ö½×¡Ö¶×“ ï¬µ×¦Ö°×“Ö¸×§Ö¸×” ï¬µ×‘Ö°×¨Ö¸×›Ö¸×” ×•Ö°×¨Ö·×—Ö²×žÖ´×™× ×•Ö°×—Ö·ï¬¹Ö´×™× ×•Ö°ï¬ªÖ¸×œï­‹××ƒ
# '''

# rav = '''
# **ï¬ªÖ¸×œï­‹×**
#  ×¨Ö¸×‘ ×¢Ö·×œ ×™Ö´ï¬«Ö°×¨Ö¸×Öµ×œ ×¢Ö·ï¬¾Ö°Ö¿×šÖ¸ ï­ŠÖ¸ï¬«Ö´×™× ×œÖ°×¢ï­‹×œÖ¸× ï¬»Ö´×™ ×Ö·ï­ŠÖ¸×” ×”ï¬µ× ×žÖ¶Ö½×œÖ¶×šÖ° ×Ö¸×“ï­‹×Ÿ ×œÖ°×›Ö¸×œ ×”Ö·ï¬¬Ö¸×œï­‹×:
# '''

# rest = '''
# ×•Ö°×˜ï­‹×‘ ï¬±Ö°×¢Öµ×™× Ö¶Ö½×™×šÖ¸ ×œÖ°×‘Ö¸×¨Öµ×šÖ° ×Ö¶×ª ×¢Ö·ï¬¾Ö°×šÖ¸ ×™Ö´ï¬«Ö°×¨Ö¸×Öµ×œ ï¬±Ö°×›Ö¸×œ ×¢Öµ×ª ï¬µ×‘Ö°×›Ö¸×œ ï¬ªÖ¸×¢Ö¸×” ï¬±Ö´ï¬ªÖ°×œï­‹×žÖ¶Ö½×šÖ¸ ï¬±Ö¸×¨ï¬µ×šÖ° ×Ö·ï­ŠÖ¸×” ×™Ö°×™Ö¸ ×”Ö·×žÖ°Ö¿×‘Ö¸×¨Öµ×šÖ° ×Ö¶×ª ×¢Ö·ï¬¾ï­‹ ×™Ö´ï¬«Ö°×¨Ö¸×Öµ×œ ï¬±Ö·ï¬¬Ö¸×œï­‹××ƒ


# `×‘×¢×©×™"×ª`
#  ï¬±Ö°×¡ÖµÖ½×¤Ö¶×¨ ×—Ö·ï¬¹Ö´×™× ï¬±Ö°×¨Ö¸×›Ö¸×” ×•Ö°ï¬ªÖ¸×œï­‹× ï¬µ×¤Ö·×¨Ö°× Ö¸×¡Ö¸×” ×˜ï­‹×‘Ö¸×” × Ö´ï¬¶Ö¸×›Öµ×¨ ×•Ö°× Ö´ï¬»Ö¸×ªÖµ×‘ ×œÖ°×¤Ö¸× Ö¶Ö½×™×šÖ¸ ×Ö¸Ö½× ï¬µ ×•Ö°×›Ö¸×œ ×¢Ö·ï¬¾Ö°Ö¿×šÖ¸ ï¬±Öµ×™×ª ×™Ö´ï¬«Ö°×¨Ö¸×Öµ×œ ×œÖ°×—Ö·ï¬¹Ö´×™× ï¬µ×œÖ°ï¬ªÖ¸×œï­‹×: ï¬±Ö¸×¨ï¬µ×šÖ° ×Ö·ï­ŠÖ¸×” ×™Ö°×™Ö¸ ×¢ï­‹ï¬«Öµ×” ×”Ö·ï¬¬Ö¸×œï­‹××ƒ
# '''

# if service == 'shacharit':
#     text = f'{sim}{rest}'
# else:
#     text = f'{rav}{rest}'


# Markdown(text)

print(service)
------------------


[0;31m---------------------------------------------------------------------------[0m
[0;31mNameError[0m                                 Traceback (most recent call last)
Cell [0;32mIn[5], line 31[0m
[1;32m      1[0m [38;5;66;03m# hardcoded right now, but will be edited to be more flexible later[39;00m
[1;32m      2[0m 
[1;32m      3[0m [38;5;66;03m# service = 'shacharit'[39;00m
[0;32m   (...)[0m
[1;32m     28[0m 
[1;32m     29[0m [38;5;66;03m# Markdown(text)[39;00m
[0;32m---> 31[0m [38;5;28mprint[39m([43mservice[49m)

[0;31mNameError[0m: name 'service' is not defined

