Traceback (most recent call last):
  File "/Users/aaron/code/Olat_Tamid/venv/lib/python3.10/site-packages/jupyter_cache/executors/utils.py", line 58, in single_nb_execution
    executenb(
  File "/Users/aaron/code/Olat_Tamid/venv/lib/python3.10/site-packages/nbclient/client.py", line 1314, in execute
    return NotebookClient(nb=nb, resources=resources, km=km, **kwargs).execute()
  File "/Users/aaron/code/Olat_Tamid/venv/lib/python3.10/site-packages/jupyter_core/utils/__init__.py", line 165, in wrapped
    return loop.run_until_complete(inner)
  File "/Library/Frameworks/Python.framework/Versions/3.10/lib/python3.10/asyncio/base_events.py", line 646, in run_until_complete
    return future.result()
  File "/Users/aaron/code/Olat_Tamid/venv/lib/python3.10/site-packages/nbclient/client.py", line 709, in async_execute
    await self.async_execute_cell(
  File "/Users/aaron/code/Olat_Tamid/venv/lib/python3.10/site-packages/nbclient/client.py", line 1062, in async_execute_cell
    await self._check_raise_for_error(cell, cell_index, exec_reply)
  File "/Users/aaron/code/Olat_Tamid/venv/lib/python3.10/site-packages/nbclient/client.py", line 918, in _check_raise_for_error
    raise CellExecutionError.from_cell_and_msg(cell, exec_reply_content)
nbclient.exceptions.CellExecutionError: An error occurred while executing the following cell:
------------------
from IPython.display import Markdown
from tanakh_reader import verse, chapter, verses
from word_formatter import bold_first_word as bfw
from shem_converter import double_yud as dy

text = bfw(dy(chapter('psalms', 100)[1]))

Markdown(text)
------------------


[0;31m---------------------------------------------------------------------------[0m
[0;31mModuleNotFoundError[0m                       Traceback (most recent call last)
Cell [0;32mIn[2], line 2[0m
[1;32m      1[0m [38;5;28;01mfrom[39;00m [38;5;21;01mIPython[39;00m[38;5;21;01m.[39;00m[38;5;21;01mdisplay[39;00m [38;5;28;01mimport[39;00m Markdown
[0;32m----> 2[0m [38;5;28;01mfrom[39;00m [38;5;21;01mtanakh_reader[39;00m [38;5;28;01mimport[39;00m verse, chapter, verses
[1;32m      3[0m [38;5;28;01mfrom[39;00m [38;5;21;01mword_formatter[39;00m [38;5;28;01mimport[39;00m bold_first_word [38;5;28;01mas[39;00m bfw
[1;32m      4[0m [38;5;28;01mfrom[39;00m [38;5;21;01mshem_converter[39;00m [38;5;28;01mimport[39;00m double_yud [38;5;28;01mas[39;00m dy

[0;31mModuleNotFoundError[0m: No module named 'tanakh_reader'

